{"/Users/sandibekibraimov/Work/myproj/config/jest/jestEmptyComponent.tsx": {"path":"/Users/sandibekibraimov/Work/myproj/config/jest/jestEmptyComponent.tsx","statementMap":{"0":{"start":{"line":3,"column":27},"end":{"line":5,"column":1}},"1":{"start":{"line":4,"column":4},"end":{"line":4,"column":18}}},"fnMap":{"0":{"name":"(anonymous_0)","decl":{"start":{"line":3,"column":27},"end":{"line":3,"column":28}},"loc":{"start":{"line":3,"column":38},"end":{"line":5,"column":1}},"line":3}},"branchMap":{},"s":{"0":1,"1":3},"f":{"0":3},"b":{},"_coverageSchema":"1a1c01bbd47fc00a2c39e90264f33305004495a9","hash":"fcb31a257cbdac4eaae9f8642dd642be1f5666c7"}
,"/Users/sandibekibraimov/Work/myproj/src/app/providers/theme/index.ts": {"path":"/Users/sandibekibraimov/Work/myproj/src/app/providers/theme/index.ts","statementMap":{},"fnMap":{},"branchMap":{},"s":{},"f":{},"b":{},"_coverageSchema":"1a1c01bbd47fc00a2c39e90264f33305004495a9","hash":"4100c6860f8187c42f633ba42a0dd71a33722382"}
,"/Users/sandibekibraimov/Work/myproj/src/app/providers/theme/lib/theme-context.ts": {"path":"/Users/sandibekibraimov/Work/myproj/src/app/providers/theme/lib/theme-context.ts","statementMap":{"0":{"start":{"line":13,"column":28},"end":{"line":13,"column":64}},"1":{"start":{"line":15,"column":39},"end":{"line":15,"column":46}}},"fnMap":{},"branchMap":{},"s":{"0":1,"1":1},"f":{},"b":{},"_coverageSchema":"1a1c01bbd47fc00a2c39e90264f33305004495a9","hash":"cc58c3014cdf0dade317c50055dea872e604b165"}
,"/Users/sandibekibraimov/Work/myproj/src/app/providers/theme/lib/useTheme.ts": {"path":"/Users/sandibekibraimov/Work/myproj/src/app/providers/theme/lib/useTheme.ts","statementMap":{"0":{"start":{"line":9,"column":24},"end":{"line":22,"column":1}},"1":{"start":{"line":10,"column":30},"end":{"line":10,"column":54}},"2":{"start":{"line":12,"column":22},"end":{"line":16,"column":3}},"3":{"start":{"line":13,"column":21},"end":{"line":13,"column":68}},"4":{"start":{"line":14,"column":4},"end":{"line":14,"column":24}},"5":{"start":{"line":15,"column":4},"end":{"line":15,"column":59}},"6":{"start":{"line":18,"column":2},"end":{"line":21,"column":3}}},"fnMap":{"0":{"name":"(anonymous_0)","decl":{"start":{"line":9,"column":24},"end":{"line":9,"column":25}},"loc":{"start":{"line":9,"column":46},"end":{"line":22,"column":1}},"line":9},"1":{"name":"(anonymous_1)","decl":{"start":{"line":12,"column":22},"end":{"line":12,"column":23}},"loc":{"start":{"line":12,"column":34},"end":{"line":16,"column":3}},"line":12}},"branchMap":{"0":{"loc":{"start":{"line":13,"column":21},"end":{"line":13,"column":68}},"type":"cond-expr","locations":[{"start":{"line":13,"column":44},"end":{"line":13,"column":55}},{"start":{"line":13,"column":58},"end":{"line":13,"column":68}}],"line":13}},"s":{"0":1,"1":3,"2":3,"3":0,"4":0,"5":0,"6":3},"f":{"0":3,"1":0},"b":{"0":[0,0]},"_coverageSchema":"1a1c01bbd47fc00a2c39e90264f33305004495a9","hash":"fd87abd41ac161f6c083da663708edc389b12baf"}
,"/Users/sandibekibraimov/Work/myproj/src/app/providers/theme/ui/theme-provider.tsx": {"path":"/Users/sandibekibraimov/Work/myproj/src/app/providers/theme/ui/theme-provider.tsx","statementMap":{"0":{"start":{"line":4,"column":21},"end":{"line":4,"column":90}},"1":{"start":{"line":6,"column":33},"end":{"line":18,"column":1}},"2":{"start":{"line":7,"column":28},"end":{"line":7,"column":57}},"3":{"start":{"line":8,"column":23},"end":{"line":11,"column":14}},"4":{"start":{"line":8,"column":38},"end":{"line":11,"column":3}},"5":{"start":{"line":13,"column":2},"end":{"line":17,"column":3}}},"fnMap":{"0":{"name":"(anonymous_0)","decl":{"start":{"line":6,"column":33},"end":{"line":6,"column":34}},"loc":{"start":{"line":6,"column":51},"end":{"line":18,"column":1}},"line":6},"1":{"name":"(anonymous_1)","decl":{"start":{"line":8,"column":31},"end":{"line":8,"column":32}},"loc":{"start":{"line":8,"column":38},"end":{"line":11,"column":3}},"line":8}},"branchMap":{"0":{"loc":{"start":{"line":4,"column":21},"end":{"line":4,"column":90}},"type":"binary-expr","locations":[{"start":{"line":4,"column":21},"end":{"line":4,"column":75}},{"start":{"line":4,"column":79},"end":{"line":4,"column":90}}],"line":4}},"s":{"0":1,"1":1,"2":0,"3":0,"4":0,"5":0},"f":{"0":0,"1":0},"b":{"0":[1,1]},"_coverageSchema":"1a1c01bbd47fc00a2c39e90264f33305004495a9","hash":"da5b3a8ea35967c66b5e846c1c6894516dbff33f"}
,"/Users/sandibekibraimov/Work/myproj/src/shared/config/i18n/i18n-for-test.ts": {"path":"/Users/sandibekibraimov/Work/myproj/src/shared/config/i18n/i18n-for-test.ts","statementMap":{"0":{"start":{"line":4,"column":0},"end":{"line":14,"column":4}}},"fnMap":{},"branchMap":{},"s":{"0":1},"f":{},"b":{},"_coverageSchema":"1a1c01bbd47fc00a2c39e90264f33305004495a9","hash":"26ace46254c37f5c7e4cef6405bed42032203126"}
,"/Users/sandibekibraimov/Work/myproj/src/shared/lib/classnames/classnames.ts": {"path":"/Users/sandibekibraimov/Work/myproj/src/shared/lib/classnames/classnames.ts","statementMap":{"0":{"start":{"line":3,"column":26},"end":{"line":11,"column":1}},"1":{"start":{"line":4,"column":2},"end":{"line":10,"column":13}},"2":{"start":{"line":8,"column":30},"end":{"line":8,"column":44}},"3":{"start":{"line":9,"column":28},"end":{"line":9,"column":37}}},"fnMap":{"0":{"name":"(anonymous_0)","decl":{"start":{"line":3,"column":26},"end":{"line":3,"column":27}},"loc":{"start":{"line":3,"column":86},"end":{"line":11,"column":1}},"line":3},"1":{"name":"(anonymous_1)","decl":{"start":{"line":8,"column":14},"end":{"line":8,"column":15}},"loc":{"start":{"line":8,"column":30},"end":{"line":8,"column":44}},"line":8},"2":{"name":"(anonymous_2)","decl":{"start":{"line":9,"column":11},"end":{"line":9,"column":12}},"loc":{"start":{"line":9,"column":28},"end":{"line":9,"column":37}},"line":9}},"branchMap":{"0":{"loc":{"start":{"line":6,"column":8},"end":{"line":6,"column":24}},"type":"binary-expr","locations":[{"start":{"line":6,"column":8},"end":{"line":6,"column":18}},{"start":{"line":6,"column":22},"end":{"line":6,"column":24}}],"line":6}},"s":{"0":1,"1":15,"2":3,"3":1},"f":{"0":15,"1":3,"2":1},"b":{"0":[15,0]},"_coverageSchema":"1a1c01bbd47fc00a2c39e90264f33305004495a9","hash":"8bbd9e18c0d887b1652514a10b1f3b49c9d4689c"}
,"/Users/sandibekibraimov/Work/myproj/src/shared/lib/render-with-translations/render-with-traslation.tsx": {"path":"/Users/sandibekibraimov/Work/myproj/src/shared/lib/render-with-translations/render-with-traslation.tsx","statementMap":{"0":{"start":{"line":6,"column":37},"end":{"line":12,"column":1}},"1":{"start":{"line":7,"column":2},"end":{"line":11,"column":3}}},"fnMap":{"0":{"name":"(anonymous_0)","decl":{"start":{"line":6,"column":37},"end":{"line":6,"column":38}},"loc":{"start":{"line":6,"column":74},"end":{"line":12,"column":1}},"line":6}},"branchMap":{},"s":{"0":1,"1":1},"f":{"0":1},"b":{},"_coverageSchema":"1a1c01bbd47fc00a2c39e90264f33305004495a9","hash":"afe5c4cb508629d2bf2b7d5d789c0ae307675c42"}
,"/Users/sandibekibraimov/Work/myproj/src/shared/ui/button/index.ts": {"path":"/Users/sandibekibraimov/Work/myproj/src/shared/ui/button/index.ts","statementMap":{},"fnMap":{},"branchMap":{},"s":{},"f":{},"b":{},"_coverageSchema":"1a1c01bbd47fc00a2c39e90264f33305004495a9","hash":"9f57fe0d200119284b201c13a89f79f8a1af7291"}
,"/Users/sandibekibraimov/Work/myproj/src/shared/ui/button/ui/button.tsx": {"path":"/Users/sandibekibraimov/Work/myproj/src/shared/ui/button/ui/button.tsx","statementMap":{"0":{"start":{"line":16,"column":39},"end":{"line":28,"column":1}},"1":{"start":{"line":17,"column":59},"end":{"line":17,"column":64}},"2":{"start":{"line":18,"column":2},"end":{"line":27,"column":3}}},"fnMap":{"0":{"name":"(anonymous_0)","decl":{"start":{"line":16,"column":39},"end":{"line":16,"column":40}},"loc":{"start":{"line":16,"column":50},"end":{"line":28,"column":1}},"line":16}},"branchMap":{"0":{"loc":{"start":{"line":22,"column":48},"end":{"line":22,"column":63}},"type":"binary-expr","locations":[{"start":{"line":22,"column":48},"end":{"line":22,"column":57}},{"start":{"line":22,"column":61},"end":{"line":22,"column":63}}],"line":22}},"s":{"0":1,"1":6,"2":6},"f":{"0":6},"b":{"0":[6,0]},"_coverageSchema":"1a1c01bbd47fc00a2c39e90264f33305004495a9","hash":"74685ba6f1e290c636ab383c810668139a0d322e"}
,"/Users/sandibekibraimov/Work/myproj/src/widgets/language-switcher/index.ts": {"path":"/Users/sandibekibraimov/Work/myproj/src/widgets/language-switcher/index.ts","statementMap":{},"fnMap":{},"branchMap":{},"s":{},"f":{},"b":{},"_coverageSchema":"1a1c01bbd47fc00a2c39e90264f33305004495a9","hash":"ddaa1fb802b78f202b47f6f0d040087e0274eb51"}
,"/Users/sandibekibraimov/Work/myproj/src/widgets/language-switcher/ui/language-switcher.tsx": {"path":"/Users/sandibekibraimov/Work/myproj/src/widgets/language-switcher/ui/language-switcher.tsx","statementMap":{"0":{"start":{"line":10,"column":32},"end":{"line":24,"column":1}},"1":{"start":{"line":11,"column":22},"end":{"line":11,"column":38}},"2":{"start":{"line":13,"column":25},"end":{"line":15,"column":3}},"3":{"start":{"line":14,"column":4},"end":{"line":14,"column":66}},"4":{"start":{"line":16,"column":2},"end":{"line":23,"column":3}}},"fnMap":{"0":{"name":"(anonymous_0)","decl":{"start":{"line":10,"column":32},"end":{"line":10,"column":33}},"loc":{"start":{"line":10,"column":83},"end":{"line":24,"column":1}},"line":10},"1":{"name":"(anonymous_1)","decl":{"start":{"line":13,"column":25},"end":{"line":13,"column":26}},"loc":{"start":{"line":13,"column":37},"end":{"line":15,"column":3}},"line":13}},"branchMap":{"0":{"loc":{"start":{"line":14,"column":29},"end":{"line":14,"column":65}},"type":"cond-expr","locations":[{"start":{"line":14,"column":54},"end":{"line":14,"column":58}},{"start":{"line":14,"column":61},"end":{"line":14,"column":65}}],"line":14},"1":{"loc":{"start":{"line":20,"column":54},"end":{"line":20,"column":69}},"type":"binary-expr","locations":[{"start":{"line":20,"column":54},"end":{"line":20,"column":63}},{"start":{"line":20,"column":67},"end":{"line":20,"column":69}}],"line":20}},"s":{"0":1,"1":3,"2":3,"3":0,"4":3},"f":{"0":3,"1":0},"b":{"0":[0,0],"1":[3,0]},"_coverageSchema":"1a1c01bbd47fc00a2c39e90264f33305004495a9","hash":"6fba24378d542793c8ae36c2ce9f9520433e9396"}
,"/Users/sandibekibraimov/Work/myproj/src/widgets/sidebar/index.ts": {"path":"/Users/sandibekibraimov/Work/myproj/src/widgets/sidebar/index.ts","statementMap":{},"fnMap":{},"branchMap":{},"s":{},"f":{},"b":{},"_coverageSchema":"1a1c01bbd47fc00a2c39e90264f33305004495a9","hash":"d5ad5d26591c3b0b097027cfe0c443380349517d"}
,"/Users/sandibekibraimov/Work/myproj/src/widgets/sidebar/ui/sidebar-component/sidebar.tsx": {"path":"/Users/sandibekibraimov/Work/myproj/src/widgets/sidebar/ui/sidebar-component/sidebar.tsx","statementMap":{"0":{"start":{"line":11,"column":23},"end":{"line":30,"column":1}},"1":{"start":{"line":12,"column":24},"end":{"line":12,"column":29}},"2":{"start":{"line":13,"column":36},"end":{"line":13,"column":60}},"3":{"start":{"line":15,"column":19},"end":{"line":17,"column":3}},"4":{"start":{"line":16,"column":4},"end":{"line":16,"column":31}},"5":{"start":{"line":16,"column":25},"end":{"line":16,"column":30}},"6":{"start":{"line":19,"column":2},"end":{"line":29,"column":3}}},"fnMap":{"0":{"name":"(anonymous_0)","decl":{"start":{"line":11,"column":23},"end":{"line":11,"column":24}},"loc":{"start":{"line":11,"column":61},"end":{"line":30,"column":1}},"line":11},"1":{"name":"(anonymous_1)","decl":{"start":{"line":15,"column":19},"end":{"line":15,"column":20}},"loc":{"start":{"line":15,"column":31},"end":{"line":17,"column":3}},"line":15},"2":{"name":"(anonymous_2)","decl":{"start":{"line":16,"column":17},"end":{"line":16,"column":18}},"loc":{"start":{"line":16,"column":25},"end":{"line":16,"column":30}},"line":16}},"branchMap":{"0":{"loc":{"start":{"line":22,"column":80},"end":{"line":22,"column":95}},"type":"binary-expr","locations":[{"start":{"line":22,"column":80},"end":{"line":22,"column":89}},{"start":{"line":22,"column":93},"end":{"line":22,"column":95}}],"line":22}},"s":{"0":1,"1":3,"2":3,"3":3,"4":2,"5":2,"6":3},"f":{"0":3,"1":2,"2":2},"b":{"0":[3,3]},"_coverageSchema":"1a1c01bbd47fc00a2c39e90264f33305004495a9","hash":"6a797f3022e546189771f2dbe6cabec5b42fdd8e"}
,"/Users/sandibekibraimov/Work/myproj/src/widgets/theme-switcher/index.ts": {"path":"/Users/sandibekibraimov/Work/myproj/src/widgets/theme-switcher/index.ts","statementMap":{},"fnMap":{},"branchMap":{},"s":{},"f":{},"b":{},"_coverageSchema":"1a1c01bbd47fc00a2c39e90264f33305004495a9","hash":"b433c7fcf7c6ff1a7c895da58748cd9461315a9d"}
,"/Users/sandibekibraimov/Work/myproj/src/widgets/theme-switcher/ui/theme-switcher.tsx": {"path":"/Users/sandibekibraimov/Work/myproj/src/widgets/theme-switcher/ui/theme-switcher.tsx","statementMap":{"0":{"start":{"line":11,"column":29},"end":{"line":24,"column":1}},"1":{"start":{"line":12,"column":24},"end":{"line":12,"column":29}},"2":{"start":{"line":13,"column":33},"end":{"line":13,"column":43}},"3":{"start":{"line":15,"column":2},"end":{"line":23,"column":3}}},"fnMap":{"0":{"name":"(anonymous_0)","decl":{"start":{"line":11,"column":29},"end":{"line":11,"column":30}},"loc":{"start":{"line":11,"column":73},"end":{"line":24,"column":1}},"line":11}},"branchMap":{"0":{"loc":{"start":{"line":19,"column":37},"end":{"line":19,"column":52}},"type":"binary-expr","locations":[{"start":{"line":19,"column":37},"end":{"line":19,"column":46}},{"start":{"line":19,"column":50},"end":{"line":19,"column":52}}],"line":19},"1":{"loc":{"start":{"line":21,"column":7},"end":{"line":21,"column":50}},"type":"cond-expr","locations":[{"start":{"line":21,"column":30},"end":{"line":21,"column":38}},{"start":{"line":21,"column":41},"end":{"line":21,"column":50}}],"line":21}},"s":{"0":1,"1":3,"2":3,"3":3},"f":{"0":3},"b":{"0":[3,3],"1":[0,3]},"_coverageSchema":"1a1c01bbd47fc00a2c39e90264f33305004495a9","hash":"7e8da6c6c5e55da6f15695a185fb36d7f6176305"}
}
