{"/Users/sandibekibraimov/Work/myproj/src/shared/lib/helpers/classnames.ts": {"path":"/Users/sandibekibraimov/Work/myproj/src/shared/lib/helpers/classnames.ts","statementMap":{"0":{"start":{"line":3,"column":26},"end":{"line":11,"column":1}},"1":{"start":{"line":4,"column":2},"end":{"line":10,"column":13}},"2":{"start":{"line":8,"column":30},"end":{"line":8,"column":44}},"3":{"start":{"line":9,"column":28},"end":{"line":9,"column":37}}},"fnMap":{"0":{"name":"(anonymous_0)","decl":{"start":{"line":3,"column":26},"end":{"line":3,"column":27}},"loc":{"start":{"line":3,"column":86},"end":{"line":11,"column":1}},"line":3},"1":{"name":"(anonymous_1)","decl":{"start":{"line":8,"column":14},"end":{"line":8,"column":15}},"loc":{"start":{"line":8,"column":30},"end":{"line":8,"column":44}},"line":8},"2":{"name":"(anonymous_2)","decl":{"start":{"line":9,"column":11},"end":{"line":9,"column":12}},"loc":{"start":{"line":9,"column":28},"end":{"line":9,"column":37}},"line":9}},"branchMap":{"0":{"loc":{"start":{"line":6,"column":8},"end":{"line":6,"column":24}},"type":"binary-expr","locations":[{"start":{"line":6,"column":8},"end":{"line":6,"column":18}},{"start":{"line":6,"column":22},"end":{"line":6,"column":24}}],"line":6}},"s":{"0":1,"1":4,"2":3,"3":2},"f":{"0":4,"1":3,"2":2},"b":{"0":[4,1]},"_coverageSchema":"1a1c01bbd47fc00a2c39e90264f33305004495a9","hash":"e91dc4f9c2901ce0d8cc282e1ba7537b1df7c533"}
}
