TN:
SF:config/jest/jestEmptyComponent.tsx
FN:3,(anonymous_0)
FNF:1
FNH:1
FNDA:3,(anonymous_0)
DA:3,1
DA:4,3
LF:2
LH:2
BRF:0
BRH:0
end_of_record
TN:
SF:src/app/providers/theme/index.ts
FNF:0
FNH:0
LF:0
LH:0
BRF:0
BRH:0
end_of_record
TN:
SF:src/app/providers/theme/lib/theme-context.ts
FNF:0
FNH:0
DA:13,1
DA:15,1
LF:2
LH:2
BRF:0
BRH:0
end_of_record
TN:
SF:src/app/providers/theme/lib/useTheme.ts
FN:9,(anonymous_0)
FN:12,(anonymous_1)
FNF:2
FNH:1
FNDA:3,(anonymous_0)
FNDA:0,(anonymous_1)
DA:9,1
DA:10,3
DA:12,3
DA:13,0
DA:14,0
DA:15,0
DA:18,3
LF:7
LH:4
BRDA:13,0,0,0
BRDA:13,0,1,0
BRF:2
BRH:0
end_of_record
TN:
SF:src/app/providers/theme/ui/theme-provider.tsx
FN:6,(anonymous_0)
FN:8,(anonymous_1)
FNF:2
FNH:0
FNDA:0,(anonymous_0)
FNDA:0,(anonymous_1)
DA:4,1
DA:6,1
DA:7,0
DA:8,0
DA:13,0
LF:5
LH:2
BRDA:4,0,0,1
BRDA:4,0,1,1
BRF:2
BRH:2
end_of_record
TN:
SF:src/shared/config/i18n/i18n-for-test.ts
FNF:0
FNH:0
DA:4,1
LF:1
LH:1
BRF:0
BRH:0
end_of_record
TN:
SF:src/shared/lib/classnames/classnames.ts
FN:3,(anonymous_0)
FN:8,(anonymous_1)
FN:9,(anonymous_2)
FNF:3
FNH:3
FNDA:15,(anonymous_0)
FNDA:3,(anonymous_1)
FNDA:1,(anonymous_2)
DA:3,1
DA:4,15
DA:8,3
DA:9,1
LF:4
LH:4
BRDA:6,0,0,15
BRDA:6,0,1,0
BRF:2
BRH:1
end_of_record
TN:
SF:src/shared/lib/render-with-translations/render-with-traslation.tsx
FN:6,(anonymous_0)
FNF:1
FNH:1
FNDA:1,(anonymous_0)
DA:6,1
DA:7,1
LF:2
LH:2
BRF:0
BRH:0
end_of_record
TN:
SF:src/shared/ui/button/index.ts
FNF:0
FNH:0
LF:0
LH:0
BRF:0
BRH:0
end_of_record
TN:
SF:src/shared/ui/button/ui/button.tsx
FN:16,(anonymous_0)
FNF:1
FNH:1
FNDA:6,(anonymous_0)
DA:16,1
DA:17,6
DA:18,6
LF:3
LH:3
BRDA:22,0,0,6
BRDA:22,0,1,0
BRF:2
BRH:1
end_of_record
TN:
SF:src/widgets/language-switcher/index.ts
FNF:0
FNH:0
LF:0
LH:0
BRF:0
BRH:0
end_of_record
TN:
SF:src/widgets/language-switcher/ui/language-switcher.tsx
FN:10,(anonymous_0)
FN:13,(anonymous_1)
FNF:2
FNH:1
FNDA:3,(anonymous_0)
FNDA:0,(anonymous_1)
DA:10,1
DA:11,3
DA:13,3
DA:14,0
DA:16,3
LF:5
LH:4
BRDA:14,0,0,0
BRDA:14,0,1,0
BRDA:20,1,0,3
BRDA:20,1,1,0
BRF:4
BRH:1
end_of_record
TN:
SF:src/widgets/sidebar/index.ts
FNF:0
FNH:0
LF:0
LH:0
BRF:0
BRH:0
end_of_record
TN:
SF:src/widgets/sidebar/ui/sidebar-component/sidebar.tsx
FN:11,(anonymous_0)
FN:15,(anonymous_1)
FN:16,(anonymous_2)
FNF:3
FNH:3
FNDA:3,(anonymous_0)
FNDA:2,(anonymous_1)
FNDA:2,(anonymous_2)
DA:11,1
DA:12,3
DA:13,3
DA:15,3
DA:16,2
DA:19,3
LF:6
LH:6
BRDA:22,0,0,3
BRDA:22,0,1,3
BRF:2
BRH:2
end_of_record
TN:
SF:src/widgets/theme-switcher/index.ts
FNF:0
FNH:0
LF:0
LH:0
BRF:0
BRH:0
end_of_record
TN:
SF:src/widgets/theme-switcher/ui/theme-switcher.tsx
FN:11,(anonymous_0)
FNF:1
FNH:1
FNDA:3,(anonymous_0)
DA:11,1
DA:12,3
DA:13,3
DA:15,3
LF:4
LH:4
BRDA:19,0,0,3
BRDA:19,0,1,3
BRDA:21,1,0,0
BRDA:21,1,1,3
BRF:4
BRH:3
end_of_record
